<?xml version="1.0" encoding="UTF-8"?>
<coverage generated="1765135938509" clover="3.2.0">
  <project timestamp="1765135938510" name="All files">
    <metrics statements="75" coveredstatements="74" conditionals="50" coveredconditionals="47" methods="4" coveredmethods="4" elements="129" coveredelements="125" complexity="0" loc="75" ncloc="75" packages="1" files="2" classes="2"/>
    <file name="livesimEngine.ts" path="D:\manoj\2025\Dec\Dec07\es2020-commonjs-ts\src\strategy\livesimEngine.ts">
      <metrics statements="20" coveredstatements="19" conditionals="16" coveredconditionals="15" methods="1" coveredmethods="1"/>
      <line num="17" count="1" type="stmt"/>
      <line num="21" count="1" type="stmt"/>
      <line num="25" count="7" type="stmt"/>
      <line num="26" count="7" type="stmt"/>
      <line num="29" count="7" type="cond" truecount="2" falsecount="0"/>
      <line num="30" count="3" type="cond" truecount="4" falsecount="0"/>
      <line num="31" count="1" type="stmt"/>
      <line num="32" count="1" type="stmt"/>
      <line num="34" count="3" type="stmt"/>
      <line num="38" count="4" type="cond" truecount="2" falsecount="0"/>
      <line num="39" count="2" type="cond" truecount="2" falsecount="0"/>
      <line num="40" count="1" type="stmt"/>
      <line num="41" count="1" type="stmt"/>
      <line num="43" count="2" type="stmt"/>
      <line num="47" count="2" type="cond" truecount="1" falsecount="1"/>
      <line num="48" count="2" type="cond" truecount="4" falsecount="0"/>
      <line num="49" count="1" type="stmt"/>
      <line num="50" count="1" type="stmt"/>
      <line num="52" count="2" type="stmt"/>
      <line num="55" count="0" type="stmt"/>
    </file>
    <file name="paperEngine.ts" path="D:\manoj\2025\Dec\Dec07\es2020-commonjs-ts\src\strategy\paperEngine.ts">
      <metrics statements="55" coveredstatements="55" conditionals="34" coveredconditionals="32" methods="3" coveredmethods="3"/>
      <line num="25" count="1" type="stmt"/>
      <line num="31" count="1" type="stmt"/>
      <line num="32" count="22" type="stmt"/>
      <line num="33" count="22" type="stmt"/>
      <line num="34" count="22" type="stmt"/>
      <line num="35" count="22" type="stmt"/>
      <line num="36" count="22" type="stmt"/>
      <line num="37" count="22" type="stmt"/>
      <line num="41" count="1" type="stmt"/>
      <line num="42" count="12" type="stmt"/>
      <line num="50" count="1" type="stmt"/>
      <line num="54" count="19" type="stmt"/>
      <line num="55" count="19" type="stmt"/>
      <line num="56" count="19" type="stmt"/>
      <line num="59" count="19" type="cond" truecount="2" falsecount="0"/>
      <line num="60" count="2" type="cond" truecount="1" falsecount="1"/>
      <line num="61" count="2" type="stmt"/>
      <line num="62" count="2" type="stmt"/>
      <line num="63" count="2" type="stmt"/>
      <line num="64" count="2" type="stmt"/>
      <line num="67" count="2" type="stmt"/>
      <line num="71" count="17" type="cond" truecount="2" falsecount="0"/>
      <line num="72" count="4" type="stmt"/>
      <line num="73" count="4" type="stmt"/>
      <line num="76" count="4" type="cond" truecount="2" falsecount="0"/>
      <line num="77" count="3" type="stmt"/>
      <line num="81" count="4" type="stmt"/>
      <line num="85" count="13" type="cond" truecount="4" falsecount="0"/>
      <line num="87" count="2" type="stmt"/>
      <line num="90" count="11" type="stmt"/>
      <line num="93" count="11" type="cond" truecount="2" falsecount="0"/>
      <line num="95" count="7" type="cond" truecount="2" falsecount="0"/>
      <line num="96" count="1" type="cond" truecount="1" falsecount="1"/>
      <line num="97" count="1" type="stmt"/>
      <line num="99" count="1" type="stmt"/>
      <line num="103" count="6" type="cond" truecount="2" falsecount="0"/>
      <line num="104" count="1" type="stmt"/>
      <line num="107" count="5" type="cond" truecount="2" falsecount="0"/>
      <line num="109" count="3" type="stmt"/>
      <line num="110" count="3" type="stmt"/>
      <line num="111" count="3" type="stmt"/>
      <line num="114" count="2" type="cond" truecount="2" falsecount="0"/>
      <line num="116" count="1" type="stmt"/>
      <line num="117" count="1" type="stmt"/>
      <line num="121" count="1" type="stmt"/>
      <line num="125" count="4" type="cond" truecount="2" falsecount="0"/>
      <line num="127" count="1" type="stmt"/>
      <line num="130" count="3" type="cond" truecount="2" falsecount="0"/>
      <line num="132" count="1" type="stmt"/>
      <line num="135" count="2" type="cond" truecount="2" falsecount="0"/>
      <line num="137" count="1" type="stmt"/>
      <line num="138" count="1" type="stmt"/>
      <line num="139" count="1" type="stmt"/>
      <line num="140" count="1" type="stmt"/>
      <line num="144" count="1" type="stmt"/>
    </file>
  </project>
</coverage>
