{"D:\\manoj\\2025\\Dec\\Dec07\\es2020-commonjs-ts\\src\\strategy\\livesimEngine.ts": {"path":"D:\\manoj\\2025\\Dec\\Dec07\\es2020-commonjs-ts\\src\\strategy\\livesimEngine.ts","statementMap":{"0":{"start":{"line":21,"column":0},"end":{"line":21,"column":16}},"1":{"start":{"line":17,"column":13},"end":{"line":19,"column":2}},"2":{"start":{"line":25,"column":29},"end":{"line":25,"column":41}},"3":{"start":{"line":26,"column":30},"end":{"line":26,"column":46}},"4":{"start":{"line":29,"column":2},"end":{"line":35,"column":3}},"5":{"start":{"line":30,"column":4},"end":{"line":33,"column":5}},"6":{"start":{"line":31,"column":6},"end":{"line":31,"column":30}},"7":{"start":{"line":32,"column":6},"end":{"line":32,"column":37}},"8":{"start":{"line":34,"column":4},"end":{"line":34,"column":35}},"9":{"start":{"line":38,"column":2},"end":{"line":44,"column":3}},"10":{"start":{"line":39,"column":4},"end":{"line":42,"column":5}},"11":{"start":{"line":40,"column":6},"end":{"line":40,"column":31}},"12":{"start":{"line":41,"column":6},"end":{"line":41,"column":38}},"13":{"start":{"line":43,"column":4},"end":{"line":43,"column":35}},"14":{"start":{"line":47,"column":2},"end":{"line":53,"column":3}},"15":{"start":{"line":48,"column":4},"end":{"line":51,"column":5}},"16":{"start":{"line":49,"column":6},"end":{"line":49,"column":31}},"17":{"start":{"line":50,"column":6},"end":{"line":50,"column":38}},"18":{"start":{"line":52,"column":4},"end":{"line":52,"column":35}},"19":{"start":{"line":55,"column":2},"end":{"line":55,"column":33}}},"fnMap":{"0":{"name":"stepLiveSim","decl":{"start":{"line":21,"column":16},"end":{"line":21,"column":27}},"loc":{"start":{"line":23,"column":21},"end":{"line":56,"column":1}}}},"branchMap":{"0":{"loc":{"start":{"line":29,"column":2},"end":{"line":35,"column":3}},"type":"if","locations":[{"start":{"line":29,"column":2},"end":{"line":35,"column":3}},{"start":{},"end":{}}]},"1":{"loc":{"start":{"line":30,"column":4},"end":{"line":33,"column":5}},"type":"if","locations":[{"start":{"line":30,"column":4},"end":{"line":33,"column":5}},{"start":{},"end":{}}]},"2":{"loc":{"start":{"line":30,"column":8},"end":{"line":30,"column":51}},"type":"binary-expr","locations":[{"start":{"line":30,"column":8},"end":{"line":30,"column":26}},{"start":{"line":30,"column":30},"end":{"line":30,"column":51}}]},"3":{"loc":{"start":{"line":38,"column":2},"end":{"line":44,"column":3}},"type":"if","locations":[{"start":{"line":38,"column":2},"end":{"line":44,"column":3}},{"start":{},"end":{}}]},"4":{"loc":{"start":{"line":39,"column":4},"end":{"line":42,"column":5}},"type":"if","locations":[{"start":{"line":39,"column":4},"end":{"line":42,"column":5}},{"start":{},"end":{}}]},"5":{"loc":{"start":{"line":47,"column":2},"end":{"line":53,"column":3}},"type":"if","locations":[{"start":{"line":47,"column":2},"end":{"line":53,"column":3}},{"start":{},"end":{}}]},"6":{"loc":{"start":{"line":48,"column":4},"end":{"line":51,"column":5}},"type":"if","locations":[{"start":{"line":48,"column":4},"end":{"line":51,"column":5}},{"start":{},"end":{}}]},"7":{"loc":{"start":{"line":48,"column":8},"end":{"line":48,"column":49}},"type":"binary-expr","locations":[{"start":{"line":48,"column":8},"end":{"line":48,"column":25}},{"start":{"line":48,"column":29},"end":{"line":48,"column":49}}]}},"s":{"0":1,"1":1,"2":7,"3":7,"4":7,"5":3,"6":1,"7":1,"8":3,"9":4,"10":2,"11":1,"12":1,"13":2,"14":2,"15":2,"16":1,"17":1,"18":2,"19":0},"f":{"0":7},"b":{"0":[3,4],"1":[1,2],"2":[3,2],"3":[2,2],"4":[1,1],"5":[2,0],"6":[1,1],"7":[2,2]}}
,"D:\\manoj\\2025\\Dec\\Dec07\\es2020-commonjs-ts\\src\\strategy\\paperEngine.ts": {"path":"D:\\manoj\\2025\\Dec\\Dec07\\es2020-commonjs-ts\\src\\strategy\\paperEngine.ts","statementMap":{"0":{"start":{"line":31,"column":0},"end":{"line":31,"column":16}},"1":{"start":{"line":41,"column":0},"end":{"line":41,"column":16}},"2":{"start":{"line":50,"column":0},"end":{"line":50,"column":16}},"3":{"start":{"line":25,"column":13},"end":{"line":29,"column":2}},"4":{"start":{"line":32,"column":12},"end":{"line":32,"column":30}},"5":{"start":{"line":33,"column":12},"end":{"line":33,"column":56}},"6":{"start":{"line":34,"column":12},"end":{"line":34,"column":51}},"7":{"start":{"line":35,"column":12},"end":{"line":35,"column":52}},"8":{"start":{"line":36,"column":14},"end":{"line":36,"column":56}},"9":{"start":{"line":37,"column":2},"end":{"line":37,"column":38}},"10":{"start":{"line":42,"column":2},"end":{"line":47,"column":4}},"11":{"start":{"line":54,"column":27},"end":{"line":54,"column":39}},"12":{"start":{"line":55,"column":23},"end":{"line":55,"column":39}},"13":{"start":{"line":56,"column":14},"end":{"line":56,"column":35}},"14":{"start":{"line":59,"column":2},"end":{"line":68,"column":3}},"15":{"start":{"line":60,"column":4},"end":{"line":65,"column":5}},"16":{"start":{"line":61,"column":6},"end":{"line":61,"column":39}},"17":{"start":{"line":62,"column":6},"end":{"line":62,"column":43}},"18":{"start":{"line":63,"column":6},"end":{"line":63,"column":41}},"19":{"start":{"line":64,"column":6},"end":{"line":64,"column":37}},"20":{"start":{"line":67,"column":4},"end":{"line":67,"column":35}},"21":{"start":{"line":71,"column":2},"end":{"line":82,"column":3}},"22":{"start":{"line":72,"column":4},"end":{"line":72,"column":38}},"23":{"start":{"line":73,"column":4},"end":{"line":73,"column":39}},"24":{"start":{"line":76,"column":4},"end":{"line":78,"column":5}},"25":{"start":{"line":77,"column":6},"end":{"line":77,"column":67}},"26":{"start":{"line":81,"column":4},"end":{"line":81,"column":35}},"27":{"start":{"line":85,"column":2},"end":{"line":88,"column":3}},"28":{"start":{"line":87,"column":4},"end":{"line":87,"column":35}},"29":{"start":{"line":90,"column":14},"end":{"line":90,"column":23}},"30":{"start":{"line":93,"column":2},"end":{"line":122,"column":3}},"31":{"start":{"line":95,"column":4},"end":{"line":100,"column":5}},"32":{"start":{"line":96,"column":6},"end":{"line":98,"column":7}},"33":{"start":{"line":97,"column":8},"end":{"line":97,"column":53}},"34":{"start":{"line":99,"column":6},"end":{"line":99,"column":37}},"35":{"start":{"line":103,"column":4},"end":{"line":105,"column":5}},"36":{"start":{"line":104,"column":6},"end":{"line":104,"column":37}},"37":{"start":{"line":107,"column":4},"end":{"line":112,"column":5}},"38":{"start":{"line":109,"column":6},"end":{"line":109,"column":24}},"39":{"start":{"line":110,"column":6},"end":{"line":110,"column":57}},"40":{"start":{"line":111,"column":6},"end":{"line":111,"column":37}},"41":{"start":{"line":114,"column":4},"end":{"line":118,"column":5}},"42":{"start":{"line":116,"column":6},"end":{"line":116,"column":31}},"43":{"start":{"line":117,"column":6},"end":{"line":117,"column":37}},"44":{"start":{"line":121,"column":4},"end":{"line":121,"column":35}},"45":{"start":{"line":125,"column":2},"end":{"line":128,"column":3}},"46":{"start":{"line":127,"column":4},"end":{"line":127,"column":35}},"47":{"start":{"line":130,"column":2},"end":{"line":133,"column":3}},"48":{"start":{"line":132,"column":4},"end":{"line":132,"column":35}},"49":{"start":{"line":135,"column":2},"end":{"line":141,"column":3}},"50":{"start":{"line":137,"column":4},"end":{"line":137,"column":29}},"51":{"start":{"line":138,"column":4},"end":{"line":138,"column":29}},"52":{"start":{"line":139,"column":4},"end":{"line":139,"column":56}},"53":{"start":{"line":140,"column":4},"end":{"line":140,"column":35}},"54":{"start":{"line":144,"column":2},"end":{"line":144,"column":33}}},"fnMap":{"0":{"name":"minuteKey","decl":{"start":{"line":31,"column":16},"end":{"line":31,"column":25}},"loc":{"start":{"line":31,"column":33},"end":{"line":38,"column":1}}},"1":{"name":"isSpecialCondition","decl":{"start":{"line":41,"column":16},"end":{"line":41,"column":34}},"loc":{"start":{"line":41,"column":65},"end":{"line":48,"column":1}}},"2":{"name":"stepPaper","decl":{"start":{"line":50,"column":16},"end":{"line":50,"column":25}},"loc":{"start":{"line":52,"column":14},"end":{"line":145,"column":1}}}},"branchMap":{"0":{"loc":{"start":{"line":43,"column":4},"end":{"line":46,"column":32}},"type":"binary-expr","locations":[{"start":{"line":43,"column":4},"end":{"line":43,"column":31}},{"start":{"line":44,"column":4},"end":{"line":44,"column":40}},{"start":{"line":45,"column":4},"end":{"line":45,"column":36}},{"start":{"line":46,"column":4},"end":{"line":46,"column":32}}]},"1":{"loc":{"start":{"line":59,"column":2},"end":{"line":68,"column":3}},"type":"if","locations":[{"start":{"line":59,"column":2},"end":{"line":68,"column":3}},{"start":{},"end":{}}]},"2":{"loc":{"start":{"line":60,"column":4},"end":{"line":65,"column":5}},"type":"if","locations":[{"start":{"line":60,"column":4},"end":{"line":65,"column":5}},{"start":{},"end":{}}]},"3":{"loc":{"start":{"line":71,"column":2},"end":{"line":82,"column":3}},"type":"if","locations":[{"start":{"line":71,"column":2},"end":{"line":82,"column":3}},{"start":{},"end":{}}]},"4":{"loc":{"start":{"line":76,"column":4},"end":{"line":78,"column":5}},"type":"if","locations":[{"start":{"line":76,"column":4},"end":{"line":78,"column":5}},{"start":{},"end":{}}]},"5":{"loc":{"start":{"line":85,"column":2},"end":{"line":88,"column":3}},"type":"if","locations":[{"start":{"line":85,"column":2},"end":{"line":88,"column":3}},{"start":{},"end":{}}]},"6":{"loc":{"start":{"line":85,"column":6},"end":{"line":85,"column":56}},"type":"binary-expr","locations":[{"start":{"line":85,"column":6},"end":{"line":85,"column":25}},{"start":{"line":85,"column":29},"end":{"line":85,"column":56}}]},"7":{"loc":{"start":{"line":93,"column":2},"end":{"line":122,"column":3}},"type":"if","locations":[{"start":{"line":93,"column":2},"end":{"line":122,"column":3}},{"start":{},"end":{}}]},"8":{"loc":{"start":{"line":95,"column":4},"end":{"line":100,"column":5}},"type":"if","locations":[{"start":{"line":95,"column":4},"end":{"line":100,"column":5}},{"start":{},"end":{}}]},"9":{"loc":{"start":{"line":96,"column":6},"end":{"line":98,"column":7}},"type":"if","locations":[{"start":{"line":96,"column":6},"end":{"line":98,"column":7}},{"start":{},"end":{}}]},"10":{"loc":{"start":{"line":103,"column":4},"end":{"line":105,"column":5}},"type":"if","locations":[{"start":{"line":103,"column":4},"end":{"line":105,"column":5}},{"start":{},"end":{}}]},"11":{"loc":{"start":{"line":107,"column":4},"end":{"line":112,"column":5}},"type":"if","locations":[{"start":{"line":107,"column":4},"end":{"line":112,"column":5}},{"start":{},"end":{}}]},"12":{"loc":{"start":{"line":114,"column":4},"end":{"line":118,"column":5}},"type":"if","locations":[{"start":{"line":114,"column":4},"end":{"line":118,"column":5}},{"start":{},"end":{}}]},"13":{"loc":{"start":{"line":125,"column":2},"end":{"line":128,"column":3}},"type":"if","locations":[{"start":{"line":125,"column":2},"end":{"line":128,"column":3}},{"start":{},"end":{}}]},"14":{"loc":{"start":{"line":130,"column":2},"end":{"line":133,"column":3}},"type":"if","locations":[{"start":{"line":130,"column":2},"end":{"line":133,"column":3}},{"start":{},"end":{}}]},"15":{"loc":{"start":{"line":135,"column":2},"end":{"line":141,"column":3}},"type":"if","locations":[{"start":{"line":135,"column":2},"end":{"line":141,"column":3}},{"start":{},"end":{}}]}},"s":{"0":1,"1":1,"2":1,"3":1,"4":22,"5":22,"6":22,"7":22,"8":22,"9":22,"10":12,"11":19,"12":19,"13":19,"14":19,"15":2,"16":2,"17":2,"18":2,"19":2,"20":2,"21":17,"22":4,"23":4,"24":4,"25":3,"26":4,"27":13,"28":2,"29":11,"30":11,"31":7,"32":1,"33":1,"34":1,"35":6,"36":1,"37":5,"38":3,"39":3,"40":3,"41":2,"42":1,"43":1,"44":1,"45":4,"46":1,"47":3,"48":1,"49":2,"50":1,"51":1,"52":1,"53":1,"54":1},"f":{"0":22,"1":12,"2":19},"b":{"0":[12,11,4,3],"1":[2,17],"2":[2,0],"3":[4,13],"4":[3,1],"5":[2,11],"6":[13,4],"7":[7,4],"8":[1,6],"9":[1,0],"10":[1,5],"11":[3,2],"12":[1,1],"13":[1,3],"14":[1,2],"15":[1,1]}}
}
