TN:
SF:src\strategy\livesimEngine.ts
FN:21,stepLiveSim
FNF:1
FNH:1
FNDA:7,stepLiveSim
DA:17,1
DA:21,1
DA:25,7
DA:26,7
DA:29,7
DA:30,3
DA:31,1
DA:32,1
DA:34,3
DA:38,4
DA:39,2
DA:40,1
DA:41,1
DA:43,2
DA:47,2
DA:48,2
DA:49,1
DA:50,1
DA:52,2
DA:55,0
LF:20
LH:19
BRDA:29,0,0,3
BRDA:29,0,1,4
BRDA:30,1,0,1
BRDA:30,1,1,2
BRDA:30,2,0,3
BRDA:30,2,1,2
BRDA:38,3,0,2
BRDA:38,3,1,2
BRDA:39,4,0,1
BRDA:39,4,1,1
BRDA:47,5,0,2
BRDA:47,5,1,0
BRDA:48,6,0,1
BRDA:48,6,1,1
BRDA:48,7,0,2
BRDA:48,7,1,2
BRF:16
BRH:15
end_of_record
TN:
SF:src\strategy\paperEngine.ts
FN:31,minuteKey
FN:41,isSpecialCondition
FN:50,stepPaper
FNF:3
FNH:3
FNDA:22,minuteKey
FNDA:12,isSpecialCondition
FNDA:19,stepPaper
DA:25,1
DA:31,1
DA:32,22
DA:33,22
DA:34,22
DA:35,22
DA:36,22
DA:37,22
DA:41,1
DA:42,12
DA:50,1
DA:54,19
DA:55,19
DA:56,19
DA:59,19
DA:60,2
DA:61,2
DA:62,2
DA:63,2
DA:64,2
DA:67,2
DA:71,17
DA:72,4
DA:73,4
DA:76,4
DA:77,3
DA:81,4
DA:85,13
DA:87,2
DA:90,11
DA:93,11
DA:95,7
DA:96,1
DA:97,1
DA:99,1
DA:103,6
DA:104,1
DA:107,5
DA:109,3
DA:110,3
DA:111,3
DA:114,2
DA:116,1
DA:117,1
DA:121,1
DA:125,4
DA:127,1
DA:130,3
DA:132,1
DA:135,2
DA:137,1
DA:138,1
DA:139,1
DA:140,1
DA:144,1
LF:55
LH:55
BRDA:43,0,0,12
BRDA:43,0,1,11
BRDA:43,0,2,4
BRDA:43,0,3,3
BRDA:59,1,0,2
BRDA:59,1,1,17
BRDA:60,2,0,2
BRDA:60,2,1,0
BRDA:71,3,0,4
BRDA:71,3,1,13
BRDA:76,4,0,3
BRDA:76,4,1,1
BRDA:85,5,0,2
BRDA:85,5,1,11
BRDA:85,6,0,13
BRDA:85,6,1,4
BRDA:93,7,0,7
BRDA:93,7,1,4
BRDA:95,8,0,1
BRDA:95,8,1,6
BRDA:96,9,0,1
BRDA:96,9,1,0
BRDA:103,10,0,1
BRDA:103,10,1,5
BRDA:107,11,0,3
BRDA:107,11,1,2
BRDA:114,12,0,1
BRDA:114,12,1,1
BRDA:125,13,0,1
BRDA:125,13,1,3
BRDA:130,14,0,1
BRDA:130,14,1,2
BRDA:135,15,0,1
BRDA:135,15,1,1
BRF:34
BRH:32
end_of_record
